c:\users\camila\source\repos\syntactic-analyser\syntactic-analyzer\project\vs2019\syntactic-analyser\release-lib\vc142.pdb
c:\users\camila\source\repos\syntactic-analyser\syntactic-analyzer\project\vs2019\syntactic-analyser\release-lib\grammarbuilder.obj
c:\users\camila\source\repos\syntactic-analyser\syntactic-analyzer\project\vs2019\syntactic-analyser\release-lib\test.obj
c:\users\camila\source\repos\syntactic-analyser\syntactic-analyzer\project\vs2019\syntactic-analyser\release-lib\state.obj
c:\users\camila\source\repos\syntactic-analyser\syntactic-analyzer\project\vs2019\syntactic-analyser\release-lib\parser.obj
c:\users\camila\source\repos\syntactic-analyser\syntactic-analyzer\project\vs2019\syntactic-analyser\release-lib\grammaranalyzer.obj
c:\users\camila\source\repos\syntactic-analyser\syntactic-analyzer\project\vs2019\syntactic-analyser\release-lib\string.obj
c:\users\camila\source\repos\syntactic-analyser\syntactic-analyzer\project\vs2019\syntactic-analyser\release-lib\stack.obj
c:\users\camila\source\repos\syntactic-analyser\syntactic-analyzer\project\vs2019\syntactic-analyser\release-lib\osd_file.obj
c:\users\camila\source\repos\syntactic-analyser\syntactic-analyzer\project\vs2019\syntactic-analyser\release-lib\nametable.obj
c:\users\camila\source\repos\syntactic-analyser\syntactic-analyzer\project\vs2019\syntactic-analyser\release-lib\hashtable.obj
c:\users\camila\source\repos\syntactic-analyser\syntactic-analyzer\project\vs2019\syntactic-analyser\release-lib\file.obj
c:\users\camila\source\repos\syntactic-analyser\syntactic-analyzer\project\vs2019\syntactic-analyser\release-lib\defaultlexer.obj
c:\users\camila\source\repos\syntactic-analyser\syntactic-analyzer\project\vs2019\syntactic-analyser\release-lib\symbol.obj
c:\users\camila\source\repos\syntactic-analyser\syntactic-analyzer\project\vs2019\syntactic-analyser\release-lib\production.obj
c:\users\camila\source\repos\syntactic-analyser\syntactic-analyzer\project\vs2019\syntactic-analyser\release-lib\grammar.obj
c:\users\camila\source\repos\syntactic-analyser\syntactic-analyzer\project\vs2019\release-lib\syntactic analyzer.dll
c:\users\camila\source\repos\syntactic-analyser\syntactic-analyzer\project\vs2019\release-lib\syntactic analyzer.pdb
c:\users\camila\source\repos\syntactic-analyser\syntactic-analyzer\project\vs2019\release-lib\syntactic analyzer.lib
c:\users\camila\source\repos\syntactic-analyser\syntactic-analyzer\project\vs2019\release-lib\syntactic analyzer.exp
c:\users\camila\source\repos\syntactic-analyser\syntactic-analyzer\project\vs2019\release-lib\syntactic analyzer.ipdb
c:\users\camila\source\repos\syntactic-analyser\syntactic-analyzer\project\vs2019\release-lib\syntactic analyzer.iobj
c:\users\camila\source\repos\syntactic-analyser\syntactic-analyzer\project\vs2019\syntactic-analyser\release-lib\syntacti.5d4459c3.tlog\cl.command.1.tlog
c:\users\camila\source\repos\syntactic-analyser\syntactic-analyzer\project\vs2019\syntactic-analyser\release-lib\syntacti.5d4459c3.tlog\cl.read.1.tlog
c:\users\camila\source\repos\syntactic-analyser\syntactic-analyzer\project\vs2019\syntactic-analyser\release-lib\syntacti.5d4459c3.tlog\cl.write.1.tlog
c:\users\camila\source\repos\syntactic-analyser\syntactic-analyzer\project\vs2019\syntactic-analyser\release-lib\syntacti.5d4459c3.tlog\link.command.1.tlog
c:\users\camila\source\repos\syntactic-analyser\syntactic-analyzer\project\vs2019\syntactic-analyser\release-lib\syntacti.5d4459c3.tlog\link.read.1.tlog
c:\users\camila\source\repos\syntactic-analyser\syntactic-analyzer\project\vs2019\syntactic-analyser\release-lib\syntacti.5d4459c3.tlog\link.write.1.tlog
c:\users\camila\source\repos\syntactic-analyser\syntactic-analyzer\project\vs2019\syntactic-analyser\release-lib\syntacti.5d4459c3.tlog\syntactic analyzer.write.1u.tlog
